c:\users\jaime bustos valera\desktop\copia ajedrez\aporel10\aporel10\x64\debug\vc143.pdb
c:\users\jaime bustos valera\desktop\copia ajedrez\aporel10\aporel10\x64\debug\vc143.idb
c:\users\jaime bustos valera\desktop\ajedrez 22-23\ajedrez\aporel10\aporel10\x64\debug\vc143.pdb
c:\users\jaime bustos valera\desktop\ajedrez 22-23\ajedrez\aporel10\aporel10\x64\debug\vc143.idb
c:\users\jaime bustos valera\desktop\ajedrez 22-23\ajedrez\aporel10\aporel10\x64\debug\vector2d.obj
c:\users\jaime bustos valera\desktop\ajedrez 22-23\ajedrez\aporel10\aporel10\x64\debug\torre.obj
c:\users\jaime bustos valera\desktop\ajedrez 22-23\ajedrez\aporel10\aporel10\x64\debug\tablero.obj
c:\users\jaime bustos valera\desktop\ajedrez 22-23\ajedrez\aporel10\aporel10\x64\debug\rey.obj
c:\users\jaime bustos valera\desktop\ajedrez 22-23\ajedrez\aporel10\aporel10\x64\debug\reina.obj
c:\users\jaime bustos valera\desktop\ajedrez 22-23\ajedrez\aporel10\aporel10\x64\debug\pieza.obj
c:\users\jaime bustos valera\desktop\ajedrez 22-23\ajedrez\aporel10\aporel10\x64\debug\peon.obj
c:\users\jaime bustos valera\desktop\ajedrez 22-23\ajedrez\aporel10\aporel10\x64\debug\main.obj
c:\users\jaime bustos valera\desktop\ajedrez 22-23\ajedrez\aporel10\aporel10\x64\debug\caballo.obj
c:\users\jaime bustos valera\desktop\ajedrez 22-23\ajedrez\aporel10\aporel10\x64\debug\alfil.obj
c:\users\jaime bustos valera\desktop\copia ajedrez\aporel10\aporel10\x64\debug\vector2d.obj
c:\users\jaime bustos valera\desktop\copia ajedrez\aporel10\aporel10\x64\debug\torre.obj
c:\users\jaime bustos valera\desktop\copia ajedrez\aporel10\aporel10\x64\debug\tablero.obj
c:\users\jaime bustos valera\desktop\copia ajedrez\aporel10\aporel10\x64\debug\rey.obj
c:\users\jaime bustos valera\desktop\copia ajedrez\aporel10\aporel10\x64\debug\reina.obj
c:\users\jaime bustos valera\desktop\copia ajedrez\aporel10\aporel10\x64\debug\pieza.obj
c:\users\jaime bustos valera\desktop\copia ajedrez\aporel10\aporel10\x64\debug\peon.obj
c:\users\jaime bustos valera\desktop\copia ajedrez\aporel10\aporel10\x64\debug\main.obj
c:\users\jaime bustos valera\desktop\copia ajedrez\aporel10\aporel10\x64\debug\caballo.obj
c:\users\jaime bustos valera\desktop\copia ajedrez\aporel10\aporel10\x64\debug\alfil.obj
c:\users\jaime bustos valera\desktop\ajedrez 22-23\ajedrez\aporel10\bin\aporel10.exe
c:\users\jaime bustos valera\desktop\ajedrez 22-23\ajedrez\aporel10\aporel10\x64\debug\aporel10.ilk
c:\users\jaime bustos valera\desktop\ajedrez 22-23\ajedrez\aporel10\bin\aporel10.pdb
c:\users\jaime bustos valera\desktop\copia ajedrez\aporel10\bin\aporel10.exe
c:\users\jaime bustos valera\desktop\copia ajedrez\aporel10\aporel10\x64\debug\aporel10.ilk
c:\users\jaime bustos valera\desktop\copia ajedrez\aporel10\bin\aporel10.pdb
c:\users\jaime bustos valera\desktop\copia ajedrez\aporel10\\bin\aporel10.pdb
c:\users\jaime bustos valera\desktop\copia ajedrez\aporel10\aporel10\x64\debug\aporel10.tlog\cl.command.1.tlog
c:\users\jaime bustos valera\desktop\copia ajedrez\aporel10\aporel10\x64\debug\aporel10.tlog\cl.read.1.tlog
c:\users\jaime bustos valera\desktop\copia ajedrez\aporel10\aporel10\x64\debug\aporel10.tlog\cl.write.1.tlog
c:\users\jaime bustos valera\desktop\copia ajedrez\aporel10\aporel10\x64\debug\aporel10.tlog\link.command.1.tlog
c:\users\jaime bustos valera\desktop\copia ajedrez\aporel10\aporel10\x64\debug\aporel10.tlog\link.read.1.tlog
c:\users\jaime bustos valera\desktop\copia ajedrez\aporel10\aporel10\x64\debug\aporel10.tlog\link.write.1.tlog
