  Alfil.cpp
C:\Users\Jaime Bustos Valera\Desktop\Ajedrez 22-23\ajedrez\aporel10 - copia\aporel10\src\Rey.h(5,10): warning C4067: símbolos (token) inesperados después de la directiva del preprocesador; se esperaba una nueva línea
  Caballo.cpp
C:\Users\Jaime Bustos Valera\Desktop\Ajedrez 22-23\ajedrez\aporel10 - copia\aporel10\src\Rey.h(5,10): warning C4067: símbolos (token) inesperados después de la directiva del preprocesador; se esperaba una nueva línea
  Coordinador.cpp
C:\Users\Jaime Bustos Valera\Desktop\Ajedrez 22-23\ajedrez\aporel10 - copia\aporel10\src\Rey.h(5,10): warning C4067: símbolos (token) inesperados después de la directiva del preprocesador; se esperaba una nueva línea
  Juego.cpp
C:\Users\Jaime Bustos Valera\Desktop\Ajedrez 22-23\ajedrez\aporel10 - copia\aporel10\src\Rey.h(5,10): warning C4067: símbolos (token) inesperados después de la directiva del preprocesador; se esperaba una nueva línea
  JuegoEtsidi.cpp
C:\Users\Jaime Bustos Valera\Desktop\Ajedrez 22-23\ajedrez\aporel10 - copia\aporel10\src\Rey.h(5,10): warning C4067: símbolos (token) inesperados después de la directiva del preprocesador; se esperaba una nueva línea
  JuegoStarWars.cpp
C:\Users\Jaime Bustos Valera\Desktop\Ajedrez 22-23\ajedrez\aporel10 - copia\aporel10\src\Rey.h(5,10): warning C4067: símbolos (token) inesperados después de la directiva del preprocesador; se esperaba una nueva línea
  JuegoTradicional.cpp
C:\Users\Jaime Bustos Valera\Desktop\Ajedrez 22-23\ajedrez\aporel10 - copia\aporel10\src\Rey.h(5,10): warning C4067: símbolos (token) inesperados después de la directiva del preprocesador; se esperaba una nueva línea
  main.cpp
C:\Users\Jaime Bustos Valera\Desktop\Ajedrez 22-23\ajedrez\aporel10 - copia\aporel10\src\Rey.h(5,10): warning C4067: símbolos (token) inesperados después de la directiva del preprocesador; se esperaba una nueva línea
  Peon.cpp
C:\Users\Jaime Bustos Valera\Desktop\Ajedrez 22-23\ajedrez\aporel10 - copia\aporel10\src\Rey.h(5,10): warning C4067: símbolos (token) inesperados después de la directiva del preprocesador; se esperaba una nueva línea
  Pieza.cpp
  Reina.cpp
C:\Users\Jaime Bustos Valera\Desktop\Ajedrez 22-23\ajedrez\aporel10 - copia\aporel10\src\Rey.h(5,10): warning C4067: símbolos (token) inesperados después de la directiva del preprocesador; se esperaba una nueva línea
  Rey.cpp
C:\Users\Jaime Bustos Valera\Desktop\Ajedrez 22-23\ajedrez\aporel10 - copia\aporel10\src\Rey.h(5,10): warning C4067: símbolos (token) inesperados después de la directiva del preprocesador; se esperaba una nueva línea
  Tablero.cpp
C:\Users\Jaime Bustos Valera\Desktop\Ajedrez 22-23\ajedrez\aporel10 - copia\aporel10\src\Rey.h(5,10): warning C4067: símbolos (token) inesperados después de la directiva del preprocesador; se esperaba una nueva línea
C:\Users\Jaime Bustos Valera\Desktop\Ajedrez 22-23\ajedrez\aporel10 - copia\aporel10\src\Tablero.cpp(142,37): warning C4244: 'argumento': conversión de 'double' a 'GLfloat'; posible pérdida de datos
C:\Users\Jaime Bustos Valera\Desktop\Ajedrez 22-23\ajedrez\aporel10 - copia\aporel10\src\Tablero.cpp(142,25): warning C4244: 'argumento': conversión de 'double' a 'GLfloat'; posible pérdida de datos
  Torre.cpp
C:\Users\Jaime Bustos Valera\Desktop\Ajedrez 22-23\ajedrez\aporel10 - copia\aporel10\src\Rey.h(5,10): warning C4067: símbolos (token) inesperados después de la directiva del preprocesador; se esperaba una nueva línea
  Vector2D.cpp
  Generando código...
C:\Users\Jaime Bustos Valera\Desktop\Ajedrez 22-23\ajedrez\aporel10 - copia\aporel10\src\Tablero.cpp(401): warning C4715: 'Tablero::comprobar_mate': no todas las rutas de acceso de control devuelven un valor
C:\Users\Jaime Bustos Valera\Desktop\Ajedrez 22-23\ajedrez\aporel10 - copia\aporel10\src\Tablero.cpp(409): warning C4715: 'Tablero::convertirPosicion': no todas las rutas de acceso de control devuelven un valor
C:\Users\Jaime Bustos Valera\Desktop\Ajedrez 22-23\ajedrez\aporel10 - copia\aporel10\src\Peon.cpp(141): warning C4715: 'Peon::validar_mov': no todas las rutas de acceso de control devuelven un valor
C:\Users\Jaime Bustos Valera\Desktop\Ajedrez 22-23\ajedrez\aporel10 - copia\aporel10\src\Alfil.cpp(89): warning C4715: 'Alfil::validar_mov': no todas las rutas de acceso de control devuelven un valor
  aporel10.vcxproj -> C:\Users\Jaime Bustos Valera\Desktop\Ajedrez 22-23\ajedrez\aporel10 - copia\bin\aporel10.exe
